<?xml version="1.0" encoding="UTF-8"?>
<!-- Generated by org.testng.reporters.JUnitReportReporter -->
<testsuite hostname="DESKTOP-J6UU3F5" failures="0" tests="4" name="DynamicWebTable" time="3.887" errors="0" timestamp="2022-06-30T02:22:36 IST" skipped="0">
  <testcase classname="DynamicWebTable" name="FindFirstRow" time="0.059"/>
  <system-out/>
  <testcase classname="DynamicWebTable" name="countRoWsAndColumn" time="0.128"/>
  <system-out/>
  <testcase classname="DynamicWebTable" name="getMaxCurrentPrice" time="0.740"/>
  <system-out/>
  <testcase classname="DynamicWebTable" name="GetAllTheValuesOfTable" time="2.960"/>
  <system-out/>
</testsuite> <!-- DynamicWebTable -->
