<?xml version="1.0" encoding="UTF-8"?>
<!-- Generated by org.testng.reporters.JUnitReportReporter -->
<testsuite hostname="DESKTOP-J6UU3F5" failures="0" tests="4" name="DynamicWebTable" time="3.217" errors="0" timestamp="2022-06-30T02:58:53 IST" skipped="0">
  <testcase classname="DynamicWebTable" name="FindFirstRow" time="0.051"/>
  <system-out/>
  <testcase classname="DynamicWebTable" name="countRoWsAndColumn" time="0.053"/>
  <system-out/>
  <testcase classname="DynamicWebTable" name="getMaxCurrentPrice" time="0.622"/>
  <system-out/>
  <testcase classname="DynamicWebTable" name="GetAllTheValuesOfTable" time="2.491"/>
  <system-out/>
</testsuite> <!-- DynamicWebTable -->
